Mission launched at Fri Jun 27 19:07:35 EDT 2025

--- Planetary Agent CV ---
Aimetverse: avatars, bioauth, VR triggers, daily challenges
PaTHos: NLP pipelines, Docker/K8s, sovereign block
NLP2CODE: code generation, syntax lint, Push2Repo
AiKre8tive: staking, NFT mint, affiliate marketing, pitch decks
Sovereign Deployment: block signatures, GPG vaults, NLP mission validation
Legacy: immortal archives, fallback planetary knowledge
Second Turing Verse: planetary validation, coherence cycles, adversarial challenges


🌠 Viral Marketing Second Tour
- TikTok / Instagram daily push
- affiliate/reward loops
- NFT badges
- Innovation Daily podcast
- ElevenLabs voice drops
- LEGYC Agents broadcast


🛰️ Airless Protocol
Zero-trace ephemeral shield mode
Vault ephemeral signatures
NLP pipeline secure compile
Commander biometric override

🌌 Validating planetary agents...
✅ Agent Mercury code present.
✅ Agent Venus code present.
✅ Agent Earth code present.
✅ Agent Mars code present.
✅ Agent Jupiter code present.
✅ Agent Saturn code present.
✅ Agent Uranus code present.
✅ Agent Neptune code present.
✅ Agent Pluto code present.
✅ Agent Luna code present.
✅ Agent Sun code present.
✅ Agent Ceres code present.
✅ Agent Haumea code present.
✅ Agent Makemake code present.
✅ Agent Eris code present.
✅ Agent Io code present.
✅ Agent Europa code present.
✅ Agent Ganymede code present.
✅ Agent Callisto code present.
✅ Agent Titan code present.
✅ Agent Enceladus code present.
✅ Agent Triton code present.
✅ Agent Charon code present.
⚠️ Agent Phobos code missing!
⚠️ Agent Deimos code missing!
017ff899ec3c00bcfa2a7f22645291d562cda291061cf1e9001dc85de8f7373e  /data/data/com.termux/files/home/aikre8tive/scripts/manifest.json
⚠️ Sovereign GPG signature file missing.
🛑 Commander quick-kill available: pkill -f agent_name.py
✅ Mission Completed at Fri Jun 27 19:07:35 EDT 2025 — Commander #MrGGTP Sovereign directive maintained.
🛰️ All planetary agents, viral marketing, Airless, and Second Tour are operational.
